<?xml version="1.0" encoding="UTF-8" ?>
<testsuite failures="0" time="77.471" errors="0" skipped="0" tests="1" name="com.tribune.uiautomation.testscripts.TestEngine">
  <properties>
    <property name="java.runtime.name" value="Java(TM) SE Runtime Environment"/>
    <property name="sun.boot.library.path" value="C:\Program Files\Java\jdk1.6.0_45\jre\bin"/>
    <property name="java.vm.version" value="20.45-b01"/>
    <property name="java.vm.vendor" value="Sun Microsystems Inc."/>
    <property name="java.vendor.url" value="http://java.sun.com/"/>
    <property name="path.separator" value=";"/>
    <property name="guice.disable.misplaced.annotation.check" value="true"/>
    <property name="java.vm.name" value="Java HotSpot(TM) 64-Bit Server VM"/>
    <property name="file.encoding.pkg" value="sun.io"/>
    <property name="user.country" value="US"/>
    <property name="sun.java.launcher" value="SUN_STANDARD"/>
    <property name="sun.os.patch.level" value=""/>
    <property name="BrowserType" value="firefox"/>
    <property name="java.vm.specification.name" value="Java Virtual Machine Specification"/>
    <property name="user.dir" value="C:\Work\Tribune\Selenium-cdi-integration-test"/>
    <property name="java.runtime.version" value="1.6.0_45-b06"/>
    <property name="java.awt.graphicsenv" value="sun.awt.Win32GraphicsEnvironment"/>
    <property name="basedir" value="C:\Work\Tribune\Selenium-cdi-integration-test"/>
    <property name="java.endorsed.dirs" value="C:\Program Files\Java\jdk1.6.0_45\jre\lib\endorsed"/>
    <property name="os.arch" value="amd64"/>
    <property name="java.io.tmpdir" value="C:\Users\Gaurav\AppData\Local\Temp\"/>
    <property name="line.separator" value="
"/>
    <property name="java.vm.specification.vendor" value="Sun Microsystems Inc."/>
    <property name="user.variant" value=""/>
    <property name="os.name" value="Windows 8"/>
    <property name="classworlds.conf" value="C:\Tools\maven3\bin\m2.conf"/>
    <property name="sun.jnu.encoding" value="Cp1252"/>
    <property name="java.library.path" value="C:\Program Files\Java\jdk1.6.0_45\bin;C:\Windows\Sun\Java\bin;C:\Windows\system32;C:\Windows;C:\Program Files\Java\jdk1.6.0_45\\bin;C:\Program Files (x86)\Intel\iCLS Client\;C:\Program Files\Intel\iCLS Client\;C:\Windows\system32;C:\Windows;C:\Windows\System32\Wbem;C:\Windows\System32\WindowsPowerShell\v1.0\;C:\Program Files\Intel\Intel(R) Management Engine Components\DAL;C:\Program Files\Intel\Intel(R) Management Engine Components\IPT;C:\Program Files (x86)\Intel\Intel(R) Management Engine Components\DAL;C:\Program Files (x86)\Intel\Intel(R) Management Engine Components\IPT;C:\Program Files\Intel\WiFi\bin\;C:\Program Files\Common Files\Intel\WirelessCommon\;C:\Program Files (x86)\Windows Live\Shared;C:\PROGRA~2\IBM\SQLLIB\BIN;C:\PROGRA~2\IBM\SQLLIB\FUNCTION;C:\PROGRA~2\IBM\SQLLIB\SAMPLES\REPL;C:\Program Files (x86)\Curl Corporation\Surge\8\bin\;C:\Program Files\TortoiseSVN\bin;C:\Tools\maven3\bin;C:\Tools\Portable Python 2.7.5.1\App\Scripts;C:\Tools\Portable Python 2.7.5.1\App;C:\Program Files\nodejs\;C:\Program Files\Microsoft\Web Platform Installer\;C:\Tools\phantomjs\;C:\Tools\shell.w32-ix86;C:\Program Files (x86)\Git\libexec\git-core\;C:\jruby-1.7.13\bin;C:\Program Files (x86)\Groovy\Groovy-2.3.6\bin;C:\Ruby193\bin;C:\Users\Gaurav\AppData\Roaming\npm;C:\Tools\shell.w32-ix86;C:\Program Files (x86)\Common Files\Shoes\0.r1514\..;."/>
    <property name="surefire.test.class.path" value="C:\Work\Tribune\Selenium-cdi-integration-test\target\test-classes;C:\Work\Tribune\Selenium-cdi-integration-test\target\classes;C:\Users\Gaurav\.m2\repository\junit\junit\4.0\junit-4.0.jar;C:\Users\Gaurav\.m2\repository\org\seleniumhq\selenium\selenium-server-standalone\2.42.2\selenium-server-standalone-2.42.2.jar;C:\Users\Gaurav\.m2\repository\log4j\log4j\1.2.17\log4j-1.2.17.jar;C:\Users\Gaurav\.m2\repository\org\seleniumhq\selenium\client-drivers\selenium-java-client-driver\1.0.2\selenium-java-client-driver-1.0.2.jar;C:\Users\Gaurav\.m2\repository\org\apache\poi\poi-scratchpad\3.5-FINAL\poi-scratchpad-3.5-FINAL.jar;C:\Users\Gaurav\.m2\repository\commons-logging\commons-logging\1.1\commons-logging-1.1.jar;C:\Users\Gaurav\.m2\repository\logkit\logkit\1.0.1\logkit-1.0.1.jar;C:\Users\Gaurav\.m2\repository\avalon-framework\avalon-framework\4.1.3\avalon-framework-4.1.3.jar;C:\Users\Gaurav\.m2\repository\javax\servlet\servlet-api\2.3\servlet-api-2.3.jar;C:\Users\Gaurav\.m2\repository\org\apache\poi\poi-ooxml\3.5-FINAL\poi-ooxml-3.5-FINAL.jar;C:\Users\Gaurav\.m2\repository\org\apache\poi\ooxml-schemas\1.0\ooxml-schemas-1.0.jar;C:\Users\Gaurav\.m2\repository\org\apache\xmlbeans\xmlbeans\2.3.0\xmlbeans-2.3.0.jar;C:\Users\Gaurav\.m2\repository\stax\stax-api\1.0.1\stax-api-1.0.1.jar;C:\Users\Gaurav\.m2\repository\dom4j\dom4j\1.6.1\dom4j-1.6.1.jar;C:\Users\Gaurav\.m2\repository\xml-apis\xml-apis\1.0.b2\xml-apis-1.0.b2.jar;C:\Users\Gaurav\.m2\repository\org\apache\poi\poi\3.5-FINAL\poi-3.5-FINAL.jar;C:\Users\Gaurav\.m2\repository\org\apache\poi\openxml4j\1.0-beta\openxml4j-1.0-beta.jar;C:\Users\Gaurav\.m2\repository\org\dbunit\dbunit\2.3.0\dbunit-2.3.0.jar;C:\Users\Gaurav\.m2\repository\junit-addons\junit-addons\1.4\junit-addons-1.4.jar;C:\Users\Gaurav\.m2\repository\xerces\xercesImpl\2.6.2\xercesImpl-2.6.2.jar;C:\Users\Gaurav\.m2\repository\xerces\xmlParserAPIs\2.6.2\xmlParserAPIs-2.6.2.jar;C:\Users\Gaurav\.m2\repository\commons-collections\commons-collections\3.1\commons-collections-3.1.jar;C:\Users\Gaurav\.m2\repository\commons-lang\commons-lang\2.1\commons-lang-2.1.jar;C:\Users\Gaurav\.m2\repository\org\slf4j\slf4j-api\1.4.3\slf4j-api-1.4.3.jar;C:\Users\Gaurav\.m2\repository\org\slf4j\slf4j-nop\1.4.3\slf4j-nop-1.4.3.jar;C:\Users\Gaurav\.m2\repository\biz\neustar\browsermob-proxy\2.0-beta-6\browsermob-proxy-2.0-beta-6.jar;C:\Users\Gaurav\.m2\repository\org\slf4j\slf4j-jdk14\1.5.3\slf4j-jdk14-1.5.3.jar;C:\Users\Gaurav\.m2\repository\com\google\sitebricks\sitebricks\0.8.3\sitebricks-0.8.3.jar;C:\Users\Gaurav\.m2\repository\org\mvel\mvel2\2.0.18\mvel2-2.0.18.jar;C:\Users\Gaurav\.m2\repository\com\google\guava\guava\r07\guava-r07.jar;C:\Users\Gaurav\.m2\repository\com\intellij\annotations\7.0.3\annotations-7.0.3.jar;C:\Users\Gaurav\.m2\repository\jaxen\jaxen\1.1.1\jaxen-1.1.1.jar;C:\Users\Gaurav\.m2\repository\jdom\jdom\1.0\jdom-1.0.jar;C:\Users\Gaurav\.m2\repository\xom\xom\1.0\xom-1.0.jar;C:\Users\Gaurav\.m2\repository\xalan\xalan\2.6.0\xalan-2.6.0.jar;C:\Users\Gaurav\.m2\repository\com\ibm\icu\icu4j\2.6.1\icu4j-2.6.1.jar;C:\Users\Gaurav\.m2\repository\saxpath\saxpath\1.0-FCS\saxpath-1.0-FCS.jar;C:\Users\Gaurav\.m2\repository\com\thoughtworks\xstream\xstream\1.3.1\xstream-1.3.1.jar;C:\Users\Gaurav\.m2\repository\xpp3\xpp3_min\1.1.4c\xpp3_min-1.1.4c.jar;C:\Users\Gaurav\.m2\repository\org\jsoup\jsoup\1.4.1\jsoup-1.4.1.jar;C:\Users\Gaurav\.m2\repository\org\freemarker\freemarker\2.3.10\freemarker-2.3.10.jar;C:\Users\Gaurav\.m2\repository\com\google\inject\extensions\guice-multibindings\3.0\guice-multibindings-3.0.jar;C:\Users\Gaurav\.m2\repository\org\codehaus\jackson\jackson-core-asl\1.7.1\jackson-core-asl-1.7.1.jar;C:\Users\Gaurav\.m2\repository\org\codehaus\jackson\jackson-mapper-asl\1.7.1\jackson-mapper-asl-1.7.1.jar;C:\Users\Gaurav\.m2\repository\commons-httpclient\commons-httpclient\3.1\commons-httpclient-3.1.jar;C:\Users\Gaurav\.m2\repository\commons-codec\commons-codec\1.2\commons-codec-1.2.jar;C:\Users\Gaurav\.m2\repository\org\apache\httpcomponents\httpclient\4.1.3\httpclient-4.1.3.jar;C:\Users\Gaurav\.m2\repository\org\apache\httpcomponents\httpmime\4.1.3\httpmime-4.1.3.jar;C:\Users\Gaurav\.m2\repository\commons-io\commons-io\1.3.2\commons-io-1.3.2.jar;C:\Users\Gaurav\.m2\repository\net\sf\jopt-simple\jopt-simple\3.2\jopt-simple-3.2.jar;C:\Users\Gaurav\.m2\repository\org\apache\ant\ant\1.8.2\ant-1.8.2.jar;C:\Users\Gaurav\.m2\repository\org\apache\ant\ant-launcher\1.8.2\ant-launcher-1.8.2.jar;C:\Users\Gaurav\.m2\repository\bouncycastle\bcprov-jdk15\135\bcprov-jdk15-135.jar;C:\Users\Gaurav\.m2\repository\org\eclipse\jetty\jetty-server\7.3.0.v20110203\jetty-server-7.3.0.v20110203.jar;C:\Users\Gaurav\.m2\repository\org\eclipse\jetty\jetty-continuation\7.3.0.v20110203\jetty-continuation-7.3.0.v20110203.jar;C:\Users\Gaurav\.m2\repository\org\eclipse\jetty\jetty-http\7.3.0.v20110203\jetty-http-7.3.0.v20110203.jar;C:\Users\Gaurav\.m2\repository\org\eclipse\jetty\jetty-io\7.3.0.v20110203\jetty-io-7.3.0.v20110203.jar;C:\Users\Gaurav\.m2\repository\org\eclipse\jetty\jetty-util\7.3.0.v20110203\jetty-util-7.3.0.v20110203.jar;C:\Users\Gaurav\.m2\repository\org\eclipse\jetty\jetty-servlet\7.3.0.v20110203\jetty-servlet-7.3.0.v20110203.jar;C:\Users\Gaurav\.m2\repository\org\eclipse\jetty\jetty-security\7.3.0.v20110203\jetty-security-7.3.0.v20110203.jar;C:\Users\Gaurav\.m2\repository\com\google\inject\guice\3.0\guice-3.0.jar;C:\Users\Gaurav\.m2\repository\javax\inject\javax.inject\1\javax.inject-1.jar;C:\Users\Gaurav\.m2\repository\aopalliance\aopalliance\1.0\aopalliance-1.0.jar;C:\Users\Gaurav\.m2\repository\com\google\inject\extensions\guice-servlet\3.0\guice-servlet-3.0.jar;C:\Users\Gaurav\.m2\repository\net\jcip\jcip-annotations\1.0\jcip-annotations-1.0.jar;C:\Users\Gaurav\.m2\repository\org\apache\httpcomponents\httpcore\4.2.1\httpcore-4.2.1.jar;C:\Users\Gaurav\.m2\repository\postgresql\postgresql\9.1-901.jdbc4\postgresql-9.1-901.jdbc4.jar;"/>
    <property name="java.specification.name" value="Java Platform API Specification"/>
    <property name="java.class.version" value="50.0"/>
    <property name="sun.management.compiler" value="HotSpot 64-Bit Tiered Compilers"/>
    <property name="os.version" value="6.2"/>
    <property name="user.home" value="C:\Users\Gaurav"/>
    <property name="user.timezone" value="Asia/Calcutta"/>
    <property name="java.awt.printerjob" value="sun.awt.windows.WPrinterJob"/>
    <property name="java.specification.version" value="1.6"/>
    <property name="file.encoding" value="Cp1252"/>
    <property name="user.name" value="Gaurav"/>
    <property name="java.class.path" value="C:\Tools\maven3\boot\plexus-classworlds-2.5.1.jar"/>
    <property name="org.slf4j.simpleLogger.defaultLogLevel" value="info"/>
    <property name="java.vm.specification.version" value="1.0"/>
    <property name="sun.arch.data.model" value="64"/>
    <property name="java.home" value="C:\Program Files\Java\jdk1.6.0_45\jre"/>
    <property name="sun.java.command" value="org.codehaus.plexus.classworlds.launcher.Launcher clean integration-test"/>
    <property name="java.specification.vendor" value="Sun Microsystems Inc."/>
    <property name="user.language" value="en"/>
    <property name="awt.toolkit" value="sun.awt.windows.WToolkit"/>
    <property name="java.vm.info" value="mixed mode"/>
    <property name="java.version" value="1.6.0_45"/>
    <property name="java.ext.dirs" value="C:\Program Files\Java\jdk1.6.0_45\jre\lib\ext;C:\Windows\Sun\Java\lib\ext"/>
    <property name="sun.boot.class.path" value="C:\Program Files\Java\jdk1.6.0_45\jre\lib\resources.jar;C:\Program Files\Java\jdk1.6.0_45\jre\lib\rt.jar;C:\Program Files\Java\jdk1.6.0_45\jre\lib\sunrsasign.jar;C:\Program Files\Java\jdk1.6.0_45\jre\lib\jsse.jar;C:\Program Files\Java\jdk1.6.0_45\jre\lib\jce.jar;C:\Program Files\Java\jdk1.6.0_45\jre\lib\charsets.jar;C:\Program Files\Java\jdk1.6.0_45\jre\lib\modules\jdk.boot.jar;C:\Program Files\Java\jdk1.6.0_45\jre\classes"/>
    <property name="java.vendor" value="Sun Microsystems Inc."/>
    <property name="maven.home" value="C:\Tools\maven3"/>
    <property name="RemoteExecution" value="false"/>
    <property name="localRepository" value="C:\Users\Gaurav\.m2\repository"/>
    <property name="file.separator" value="\"/>
    <property name="java.vendor.url.bug" value="http://java.sun.com/cgi-bin/bugreport.cgi"/>
    <property name="sun.cpu.endian" value="little"/>
    <property name="sun.io.unicode.encoding" value="UnicodeLittle"/>
    <property name="sun.desktop" value="windows"/>
    <property name="sun.cpu.isalist" value="amd64"/>
  </properties>
  <testcase time="77.471" classname="com.tribune.uiautomation.testscripts.TestEngine" name="Execution"/>
</testsuite>